2025-10-02 09:52:44.705 [main] AUDIT AUDIT - Session initialized - User: user123, Session: session-abc-123
2025-10-02 09:52:44.708 [main] AUDIT AUDIT - User login successful - Username: john.doe
2025-10-02 09:52:44.708 [main] AUDIT AUDIT - Bill created - ID: BILL-001, Customer: CUST-123, Amount: $125.5
2025-10-02 09:52:44.708 [main] AUDIT AUDIT - Payment processed - Bill: BILL-001, Method: CASH, Amount: $125.5
2025-10-02 09:52:44.708 [main] AUDIT AUDIT - Inventory change - Item: ITEM-001, Quantity: -5, Reason: Sale transaction
2025-10-02 09:52:44.709 [main] AUDIT AUDIT - Stock batch created - Batch: BATCH-001, Item: ITEM-001, Quantity: 100
2025-10-02 09:52:44.709 [main] AUDIT AUDIT - Price change - Item: ITEM-001, Old: $10.0, New: $12.0
2025-10-02 09:52:44.748 [main] AUDIT AUDIT - Customer registered - ID: CUST-456, Type: ONLINE
2025-10-02 09:52:44.951 [main] AUDIT AUDIT - User logout - Username: john.doe
2025-10-02 09:54:26.865 [org.syos.Main.main()] AUDIT AUDIT - User login successful - Username: manager
2025-10-02 09:54:26.868 [org.syos.Main.main()] AUDIT AUDIT - Session initialized - User: 2, Session: 21bad172
2025-10-02 09:55:03.892 [org.syos.Main.main()] AUDIT AUDIT - User logout - Username: manager
2025-10-02 09:55:18.572 [org.syos.Main.main()] AUDIT AUDIT - User login successful - Username: cashier
2025-10-02 09:55:18.572 [org.syos.Main.main()] AUDIT AUDIT - Session initialized - User: 5, Session: a7afecdb
2025-10-02 10:17:38.436 [main] AUDIT AUDIT - Session initialized - User: user123, Session: session-abc-123
2025-10-02 10:17:38.457 [main] AUDIT AUDIT - User login successful - Username: john.doe
2025-10-02 10:17:38.457 [main] AUDIT AUDIT - Bill created - ID: BILL-001, Customer: CUST-123, Amount: $125.5
2025-10-02 10:17:38.457 [main] AUDIT AUDIT - Payment processed - Bill: BILL-001, Method: CASH, Amount: $125.5
2025-10-02 10:17:38.457 [main] AUDIT AUDIT - Inventory change - Item: ITEM-001, Quantity: -5, Reason: Sale transaction
2025-10-02 10:17:38.457 [main] AUDIT AUDIT - Stock batch created - Batch: BATCH-001, Item: ITEM-001, Quantity: 100
2025-10-02 10:17:38.457 [main] AUDIT AUDIT - Price change - Item: ITEM-001, Old: $10.0, New: $12.0
2025-10-02 10:17:38.457 [main] AUDIT AUDIT - Customer registered - ID: CUST-456, Type: ONLINE
2025-10-02 10:17:38.623 [main] AUDIT AUDIT - User logout - Username: john.doe
2025-10-02 10:19:50.804 [org.syos.Main.main()] AUDIT AUDIT - User login successful - Username: cashier
2025-10-02 10:19:50.805 [org.syos.Main.main()] AUDIT AUDIT - Session initialized - User: 5, Session: d125e2ff
2025-10-02 10:21:21.921 [org.syos.Main.main()] AUDIT AUDIT - Transaction started - ID: 20251002-000003, Type: COUNTER
2025-10-02 10:21:21.963 [org.syos.Main.main()] AUDIT AUDIT - Inventory change - Item: SOAP001, Quantity: -5, Reason: Sale - COUNTER
2025-10-02 10:27:40.284 [org.syos.Main.main()] AUDIT AUDIT - User login successful - Username: cashier
2025-10-02 10:27:40.286 [org.syos.Main.main()] AUDIT AUDIT - Session initialized - User: 5, Session: 62d04a3a
2025-10-02 10:28:23.541 [org.syos.Main.main()] AUDIT AUDIT - Transaction started - ID: 20251002-000004, Type: COUNTER
2025-10-02 10:28:23.587 [org.syos.Main.main()] AUDIT AUDIT - Inventory change - Item: RICE001, Quantity: -2, Reason: Sale - COUNTER
2025-10-02 10:28:23.591 [org.syos.Main.main()] AUDIT AUDIT - Transaction completed - ID: 20251002-000004, Type: COUNTER
2025-10-02 10:28:23.593 [org.syos.Main.main()] AUDIT AUDIT - Bill printed successfully - ID: 20251002-000004
2025-10-02 10:28:23.595 [org.syos.Main.main()] AUDIT AUDIT - Payment processed - Bill: COUNTER_SALE, Method: CASH, Amount: $300.0
2025-10-02 10:30:55.191 [org.syos.Main.main()] AUDIT AUDIT - User login successful - Username: manager
2025-10-02 10:30:55.194 [org.syos.Main.main()] AUDIT AUDIT - Session initialized - User: 2, Session: 11654dc7
2025-10-02 10:38:30.722 [org.syos.Main.main()] AUDIT AUDIT - User login successful - Username: manager
2025-10-02 10:38:30.725 [org.syos.Main.main()] AUDIT AUDIT - Session initialized - User: 2, Session: 858e513f
2025-10-02 10:42:40.216 [org.syos.Main.main()] AUDIT AUDIT - User login successful - Username: manager
2025-10-02 10:42:40.218 [org.syos.Main.main()] AUDIT AUDIT - Session initialized - User: 2, Session: 380ff5cf
2025-10-02 10:52:54.142 [org.syos.Main.main()] AUDIT AUDIT - User login successful - Username: manager
2025-10-02 10:52:54.145 [org.syos.Main.main()] AUDIT AUDIT - Session initialized - User: 2, Session: 30d9e9d3
2025-10-02 10:58:37.829 [org.syos.Main.main()] AUDIT AUDIT - User logout - Username: manager
2025-10-02 10:58:55.563 [org.syos.Main.main()] AUDIT AUDIT - User login failed - Username: cashier
2025-10-02 10:59:22.227 [org.syos.Main.main()] AUDIT AUDIT - User login failed - Username: admin
2025-10-02 11:01:04.075 [org.syos.Main.main()] AUDIT AUDIT - User login failed - Username: admin
2025-10-02 11:02:17.142 [org.syos.Main.main()] AUDIT AUDIT - User login successful - Username: cashier
2025-10-02 11:02:17.144 [org.syos.Main.main()] AUDIT AUDIT - Session initialized - User: 5, Session: df6f484e
2025-10-02 11:03:58.659 [org.syos.Main.main()] AUDIT AUDIT - Transaction started - ID: 20251002-000005, Type: COUNTER
2025-10-02 11:03:58.735 [org.syos.Main.main()] AUDIT AUDIT - Inventory change - Item: MILK001, Quantity: -5, Reason: Sale - COUNTER
2025-10-02 11:27:16.934 [org.syos.Main.main()] AUDIT AUDIT - User login successful - Username: admin
2025-10-02 11:27:16.938 [org.syos.Main.main()] AUDIT AUDIT - Session initialized - User: 1, Session: 439b34f0
2025-10-02 11:27:34.273 [org.syos.Main.main()] AUDIT AUDIT - User logout - Username: admin
2025-10-02 11:27:43.868 [org.syos.Main.main()] AUDIT AUDIT - User login successful - Username: cashier
2025-10-02 11:27:43.868 [org.syos.Main.main()] AUDIT AUDIT - Session initialized - User: 5, Session: d9bf2afd
2025-10-02 11:30:25.889 [org.syos.Main.main()] AUDIT AUDIT - User login successful - Username: manager
2025-10-02 11:30:25.894 [org.syos.Main.main()] AUDIT AUDIT - Session initialized - User: 2, Session: 8a945117
2025-10-02 11:34:26.841 [org.syos.Main.main()] AUDIT AUDIT - User login successful - Username: admin
2025-10-02 11:34:26.845 [org.syos.Main.main()] AUDIT AUDIT - Session initialized - User: 1, Session: d9bf189e
2025-10-02 11:54:57.665 [org.syos.Main.main()] AUDIT AUDIT - User login successful - Username: admin
2025-10-02 11:54:57.668 [org.syos.Main.main()] AUDIT AUDIT - Session initialized - User: 1, Session: afe6b959
2025-10-02 12:06:05.884 [org.syos.Main.main()] AUDIT AUDIT - User login failed - Username: cashier
2025-10-02 12:06:13.879 [org.syos.Main.main()] AUDIT AUDIT - User login successful - Username: admin
2025-10-02 12:06:13.881 [org.syos.Main.main()] AUDIT AUDIT - Session initialized - User: 1, Session: 57ee0cd3
2025-10-02 12:59:05.087 [org.syos.Main.main()] AUDIT AUDIT - User login successful - Username: admin
2025-10-02 12:59:05.093 [org.syos.Main.main()] AUDIT AUDIT - Session initialized - User: 1, Session: 55efff32
2025-10-02 13:00:03.757 [org.syos.Main.main()] AUDIT AUDIT - User login successful - Username: admin
2025-10-02 13:00:03.761 [org.syos.Main.main()] AUDIT AUDIT - Session initialized - User: 1, Session: 0e8f214e
2025-10-02 13:03:45.509 [org.syos.Main.main()] AUDIT AUDIT - User login successful - Username: admin
2025-10-02 13:03:45.513 [org.syos.Main.main()] AUDIT AUDIT - Session initialized - User: 3, Session: ce94ff3d
2025-10-02 13:24:55.401 [org.syos.Main.main()] AUDIT AUDIT - User logout - Username: admin
2025-10-02 13:25:23.692 [org.syos.Main.main()] AUDIT AUDIT - User login successful - Username: cashier
2025-10-02 13:25:23.693 [org.syos.Main.main()] AUDIT AUDIT - Session initialized - User: 1, Session: 2560543f
2025-10-02 13:31:51.463 [org.syos.Main.main()] AUDIT AUDIT - Transaction started - ID: 20251002-000001, Type: COUNTER
2025-10-02 13:34:35.210 [org.syos.Main.main()] AUDIT AUDIT - User login successful - Username: cashier
2025-10-02 13:34:35.215 [org.syos.Main.main()] AUDIT AUDIT - Session initialized - User: 1, Session: be6091ab
2025-10-02 13:37:30.703 [org.syos.Main.main()] AUDIT AUDIT - Transaction started - ID: 20251002-000001, Type: COUNTER
2025-10-02 13:37:30.829 [org.syos.Main.main()] AUDIT AUDIT - Inventory change - Item: MILK001, Quantity: -5, Reason: Sale - COUNTER
2025-10-02 13:37:30.878 [org.syos.Main.main()] AUDIT AUDIT - Inventory change - Item: SOAP001, Quantity: -4, Reason: Sale - COUNTER
2025-10-02 13:37:30.925 [org.syos.Main.main()] AUDIT AUDIT - Inventory change - Item: BREAD001, Quantity: -3, Reason: Sale - COUNTER
2025-10-02 13:37:30.970 [org.syos.Main.main()] AUDIT AUDIT - Inventory change - Item: EGG001, Quantity: -3, Reason: Sale - COUNTER
2025-10-02 13:37:30.972 [org.syos.Main.main()] AUDIT AUDIT - Transaction completed - ID: 20251002-000001, Type: COUNTER
2025-10-02 13:37:30.977 [org.syos.Main.main()] AUDIT AUDIT - Bill printed successfully - ID: 20251002-000001
2025-10-02 13:37:30.978 [org.syos.Main.main()] AUDIT AUDIT - Payment processed - Bill: COUNTER_SALE, Method: CASH, Amount: $6000.0
2025-10-02 13:46:43.637 [org.syos.Main.main()] AUDIT AUDIT - User login successful - Username: Cashier
2025-10-02 13:46:43.641 [org.syos.Main.main()] AUDIT AUDIT - Session initialized - User: 1, Session: efe62a4b
2025-10-02 13:47:04.268 [org.syos.Main.main()] AUDIT AUDIT - User logout - Username: Cashier
2025-10-02 13:47:15.128 [org.syos.Main.main()] AUDIT AUDIT - User login successful - Username: Admin
2025-10-02 13:47:15.129 [org.syos.Main.main()] AUDIT AUDIT - Session initialized - User: 3, Session: a151ad38
2025-10-02 13:49:39.342 [org.syos.Main.main()] AUDIT AUDIT - User login successful - Username: admin
2025-10-02 13:49:39.346 [org.syos.Main.main()] AUDIT AUDIT - Session initialized - User: 3, Session: a26ca209
2025-10-02 13:49:57.200 [org.syos.Main.main()] AUDIT AUDIT - User logout - Username: admin
2025-10-02 13:50:12.413 [org.syos.Main.main()] AUDIT AUDIT - User login successful - Username: Manager
2025-10-02 13:50:12.413 [org.syos.Main.main()] AUDIT AUDIT - Session initialized - User: 2, Session: f7da313b
2025-10-02 13:57:51.694 [org.syos.Main.main()] AUDIT AUDIT - User logout - Username: Manager
2025-10-02 14:01:26.177 [org.syos.Main.main()] AUDIT AUDIT - User login successful - Username: Cashier
2025-10-02 14:01:26.180 [org.syos.Main.main()] AUDIT AUDIT - Session initialized - User: 1, Session: 48848a27
2025-10-02 14:02:43.747 [org.syos.Main.main()] AUDIT AUDIT - User login successful - Username: admin
2025-10-02 14:02:43.752 [org.syos.Main.main()] AUDIT AUDIT - Session initialized - User: 3, Session: 24fa9e7b
2025-10-02 14:02:51.763 [org.syos.Main.main()] AUDIT AUDIT - User logout - Username: admin
2025-10-02 14:02:59.511 [org.syos.Main.main()] AUDIT AUDIT - User login successful - Username: manager
2025-10-02 14:02:59.512 [org.syos.Main.main()] AUDIT AUDIT - Session initialized - User: 2, Session: d40c44d1
2025-10-02 14:04:13.893 [org.syos.Main.main()] AUDIT AUDIT - User login successful - Username: manager
2025-10-02 14:04:13.899 [org.syos.Main.main()] AUDIT AUDIT - Session initialized - User: 2, Session: 1f4eda4e
